[2024/07/12 03:09:06]: §9          __             _       
[2024/07/12 03:09:06]: §9  _ __   / /  ___   __ _(_)_ __  
[2024/07/12 03:09:06]: §9 | '_ \ / /  / _ \ / _` | | '_ \ 
[2024/07/12 03:09:06]: §9 | | | / /__| (_) | (_| | | | | |
[2024/07/12 03:09:06]: §9 |_| |_\____/\___/ \__, |_|_| |_|
[2024/07/12 03:09:06]: §9                  |___/            
[2024/07/12 03:09:06]: §9 By: www.nickuc.com - V 10.3.23
[2024/07/12 03:09:06]: §9 
[2024/07/12 03:09:07]: [nLogin] Download finished (took 1479ms, hash = bcdd0d07f4e3098e91cba27994818024b78ad4e137c7b7eb64a04b4aa8b23c2b)
[2024/07/12 03:09:07]: §3[nLogin] [DEBUG] All settings were loaded in 900 ms.
[2024/07/12 03:09:07]: §3[nLogin] [DEBUG] Loading the messages_es.yml message file...
[2024/07/12 03:09:08]: §3[nLogin] [DEBUG] All plugin messages were loaded in 167 ms (languageByClient=false).
[2024/07/12 03:09:08]: §3[nLogin] [DEBUG] All proxy settings were loaded in 6 ms.
[2024/07/12 03:09:08]: §3[nLogin] [DEBUG] Loading database...
[2024/07/12 03:09:08]: §3[nLogin] [DEBUG] Starting logger filter...
[2024/07/12 03:09:13]: 
[2024/07/12 03:09:13]:  §bThank you so much for choosing nLogin! §4<3
[2024/07/12 03:09:13]: 
[2024/07/12 03:09:13]:  §4For your safety, please read the message below:
[2024/07/12 03:09:13]:   §cNever download nLogin from unknown sources.
[2024/07/12 03:09:13]:   §cA modified version may contain malicious software.
[2024/07/12 03:09:13]: 
[2024/07/12 03:09:13]:  §3Trusted sources:
[2024/07/12 03:09:13]:   §bwww.nickuc.com
[2024/07/12 03:09:13]:   §bwww.github.com/nickuc
[2024/07/12 03:09:13]:   §bOpeNLogin installer (from Spigot or GitHub)
[2024/07/12 03:09:13]: 
[2024/07/12 03:09:13]:  §3Official support channels:
[2024/07/12 03:09:13]:   §bDiscord group: §fwww.nickuc.com/discord
[2024/07/12 03:09:13]:   §bDocumentation: §fdocs.nickuc.com/nlogin/
[2024/07/12 03:09:13]:   §bEmail: §fsupport@nickuc.com
[2024/07/12 03:09:13]:   §bYouTube: §fyoutube.com/nickuc
[2024/07/12 03:09:13]: 
[2024/07/12 03:09:13]:  §eTo remove this warning, log in with "nlogin.admin" permission on the server
[2024/07/12 03:09:13]:  §eand click the "Setup plugin" button to configure your plugin.
[2024/07/12 03:09:13]: 
[2024/07/12 03:11:04]: [nLogin] Update was successfully queued, do not forcibly stop your server. (v10.3.23 fd66d3 => v10.3.28 fce384)
[2024/07/12 03:11:04]: [nLogin] Successful plugin core shutdown (took 0.04s)
