[2024/07/12 03:21:37]: §9          __             _       
[2024/07/12 03:21:37]: §9  _ __   / /  ___   __ _(_)_ __  
[2024/07/12 03:21:37]: §9 | '_ \ / /  / _ \ / _` | | '_ \ 
[2024/07/12 03:21:37]: §9 | | | / /__| (_) | (_| | | | | |
[2024/07/12 03:21:37]: §9 |_| |_\____/\___/ \__, |_|_| |_|
[2024/07/12 03:21:37]: §9                  |___/            
[2024/07/12 03:21:37]: §9 By: www.nickuc.com - V 10.3.28
[2024/07/12 03:21:37]: §9 
[2024/07/12 03:21:39]: §3[nLogin] [DEBUG] All settings were loaded in 1295 ms.
[2024/07/12 03:21:39]: §3[nLogin] [DEBUG] Loading the messages_es.yml message file...
[2024/07/12 03:21:39]: §3[nLogin] [DEBUG] All plugin messages were loaded in 52 ms (languageByClient=false).
[2024/07/12 03:21:39]: §3[nLogin] [DEBUG] All proxy settings were loaded in 6 ms.
[2024/07/12 03:21:39]: §3[nLogin] [DEBUG] Loading database...
[2024/07/12 03:21:41]: §3[nLogin] [DEBUG] Starting logger filter...
[2024/07/12 03:21:47]: 
[2024/07/12 03:21:47]:  §bThank you so much for choosing nLogin! §4<3
[2024/07/12 03:21:47]: 
[2024/07/12 03:21:47]:  §4For your safety, please read the message below:
[2024/07/12 03:21:47]:   §cNever download nLogin from unknown sources.
[2024/07/12 03:21:47]:   §cA modified version may contain malicious software.
[2024/07/12 03:21:47]: 
[2024/07/12 03:21:47]:  §3Trusted sources:
[2024/07/12 03:21:47]:   §bwww.nickuc.com
[2024/07/12 03:21:47]:   §bwww.github.com/nickuc
[2024/07/12 03:21:47]:   §bOpeNLogin installer (from Spigot or GitHub)
[2024/07/12 03:21:47]: 
[2024/07/12 03:21:47]:  §3Official support channels:
[2024/07/12 03:21:47]:   §bDiscord group: §fwww.nickuc.com/discord
[2024/07/12 03:21:47]:   §bDocumentation: §fdocs.nickuc.com/nlogin/
[2024/07/12 03:21:47]:   §bEmail: §fsupport@nickuc.com
[2024/07/12 03:21:47]:   §bYouTube: §fyoutube.com/nickuc
[2024/07/12 03:21:47]: 
[2024/07/12 03:21:47]:  §eTo remove this warning, log in with "nlogin.admin" permission on the server
[2024/07/12 03:21:47]:  §eand click the "Setup plugin" button to configure your plugin.
[2024/07/12 03:21:47]: 
[2024/07/12 03:25:29]: [nLogin] Successful plugin core shutdown (took 0.00s)
